<?xml version="1.0" encoding="UTF-8"?>
<testng-results skipped="0" failed="0" ignored="0" total="1" passed="1">
  <reporter-output>
  </reporter-output>
  <suite name="Default suite" duration-ms="7902" started-at="2022-07-03T16:21:59 IST" finished-at="2022-07-03T16:22:07 IST">
    <groups>
    </groups>
    <test name="Default test" duration-ms="7902" started-at="2022-07-03T16:21:59 IST" finished-at="2022-07-03T16:22:07 IST">
      <class name="LingaRos.LingaPos.TestCaseOne">
        <test-method status="PASS" signature="PlaceOrder()[pri:0, instance:LingaRos.LingaPos.TestCaseOne@8e24743]" name="PlaceOrder" duration-ms="7863" started-at="2022-07-03T16:21:59 IST" finished-at="2022-07-03T16:22:07 IST">
          <reporter-output>
          </reporter-output>
        </test-method> <!-- PlaceOrder -->
      </class> <!-- LingaRos.LingaPos.TestCaseOne -->
    </test> <!-- Default test -->
  </suite> <!-- Default suite -->
</testng-results>
